
*** Running vivado
    with args -log MainDesign_HDMI_OUT_0_0.vds -m64 -product Vivado -mode batch -messageDb vivado.pb -notrace -source MainDesign_HDMI_OUT_0_0.tcl



****** Vivado v2024.1 (64-bit)
  **** SW Build 5076996 on Wed May 22 18:37:14 MDT 2024
  **** IP Build 5075265 on Wed May 22 21:45:21 MDT 2024
  **** SharedData Build 5076995 on Wed May 22 18:29:18 MDT 2024
  **** Start of session at: Wed Jul 31 19:40:00 2024
    ** Copyright 1986-2022 Xilinx, Inc. All Rights Reserved.
    ** Copyright 2022-2024 Advanced Micro Devices, Inc. All Rights Reserved.

source MainDesign_HDMI_OUT_0_0.tcl -notrace
create_project: Time (s): cpu = 00:00:10 ; elapsed = 00:00:10 . Memory (MB): peak = 493.332 ; gain = 203.465
INFO: [IP_Flow 19-234] Refreshing IP repositories
INFO: [IP_Flow 19-1704] No user IP repositories specified
INFO: [IP_Flow 19-2313] Loaded Vivado IP repository 'F:/programy/Xilinx/Vivado/2024.1/data/ip'.
Command: synth_design -top MainDesign_HDMI_OUT_0_0 -part xc7z020clg400-1 -incremental_mode off -mode out_of_context
Starting synth_design
Attempting to get a license for feature 'Synthesis' and/or device 'xc7z020'
INFO: [Common 17-349] Got license for feature 'Synthesis' and/or device 'xc7z020'
INFO: [Device 21-403] Loading part xc7z020clg400-1
INFO: [Device 21-9227] Part: xc7z020clg400-1 does not have CEAM library.
INFO: [Synth 8-7079] Multithreading enabled for synth_design using a maximum of 2 processes.
INFO: [Synth 8-7078] Launching helper process for spawning children vivado processes
INFO: [Synth 8-7075] Helper process launched with PID 33452
---------------------------------------------------------------------------------
Starting RTL Elaboration : Time (s): cpu = 00:00:09 ; elapsed = 00:00:10 . Memory (MB): peak = 1382.215 ; gain = 447.117
---------------------------------------------------------------------------------
INFO: [Synth 8-6157] synthesizing module 'MainDesign_HDMI_OUT_0_0' [f:/dokumenty/fpga/pynq_test/pynq_test.gen/sources_1/bd/MainDesign/ip/MainDesign_HDMI_OUT_0_0/synth/MainDesign_HDMI_OUT_0_0.v:53]
INFO: [Synth 8-6157] synthesizing module 'HDMI_OUT' [F:/dokumenty/fpga/pynq_test/pynq_test.srcs/sources_1/new/HDMI_OUT.v:23]
INFO: [Synth 8-6157] synthesizing module 'selectio_wiz_1' [F:/dokumenty/fpga/pynq_test/pynq_test.runs/MainDesign_HDMI_OUT_0_0_synth_1/.Xil/Vivado-37308-mati/realtime/selectio_wiz_1_stub.v:6]
INFO: [Synth 8-6155] done synthesizing module 'selectio_wiz_1' (0#1) [F:/dokumenty/fpga/pynq_test/pynq_test.runs/MainDesign_HDMI_OUT_0_0_synth_1/.Xil/Vivado-37308-mati/realtime/selectio_wiz_1_stub.v:6]
INFO: [Synth 8-6155] done synthesizing module 'HDMI_OUT' (0#1) [F:/dokumenty/fpga/pynq_test/pynq_test.srcs/sources_1/new/HDMI_OUT.v:23]
INFO: [Synth 8-6155] done synthesizing module 'MainDesign_HDMI_OUT_0_0' (0#1) [f:/dokumenty/fpga/pynq_test/pynq_test.gen/sources_1/bd/MainDesign/ip/MainDesign_HDMI_OUT_0_0/synth/MainDesign_HDMI_OUT_0_0.v:53]
---------------------------------------------------------------------------------
Finished RTL Elaboration : Time (s): cpu = 00:00:12 ; elapsed = 00:00:13 . Memory (MB): peak = 1496.367 ; gain = 561.270
---------------------------------------------------------------------------------
---------------------------------------------------------------------------------
Start Handling Custom Attributes
---------------------------------------------------------------------------------
---------------------------------------------------------------------------------
Finished Handling Custom Attributes : Time (s): cpu = 00:00:12 ; elapsed = 00:00:14 . Memory (MB): peak = 1496.367 ; gain = 561.270
---------------------------------------------------------------------------------
---------------------------------------------------------------------------------
Finished RTL Optimization Phase 1 : Time (s): cpu = 00:00:12 ; elapsed = 00:00:14 . Memory (MB): peak = 1496.367 ; gain = 561.270
---------------------------------------------------------------------------------
Netlist sorting complete. Time (s): cpu = 00:00:00 ; elapsed = 00:00:00 . Memory (MB): peak = 1496.367 ; gain = 0.000
INFO: [Project 1-570] Preparing netlist for logic optimization

Processing XDC Constraints
Initializing timing engine
Parsing XDC File [f:/dokumenty/fpga/pynq_test/pynq_test.gen/sources_1/ip/selectio_wiz_1/selectio_wiz_1/selectio_wiz_1_in_context.xdc] for cell 'inst/instance_name'
Finished Parsing XDC File [f:/dokumenty/fpga/pynq_test/pynq_test.gen/sources_1/ip/selectio_wiz_1/selectio_wiz_1/selectio_wiz_1_in_context.xdc] for cell 'inst/instance_name'
Parsing XDC File [F:/dokumenty/fpga/pynq_test/pynq_test.runs/MainDesign_HDMI_OUT_0_0_synth_1/dont_touch.xdc]
Finished Parsing XDC File [F:/dokumenty/fpga/pynq_test/pynq_test.runs/MainDesign_HDMI_OUT_0_0_synth_1/dont_touch.xdc]
Completed Processing XDC Constraints

Netlist sorting complete. Time (s): cpu = 00:00:00 ; elapsed = 00:00:00 . Memory (MB): peak = 1512.445 ; gain = 0.000
INFO: [Project 1-111] Unisim Transformation Summary:
No Unisim elements were transformed.

Constraint Validation Runtime : Time (s): cpu = 00:00:00 ; elapsed = 00:00:00.017 . Memory (MB): peak = 1512.500 ; gain = 0.055
INFO: [Designutils 20-5008] Incremental synthesis strategy off
---------------------------------------------------------------------------------
Finished Constraint Validation : Time (s): cpu = 00:00:23 ; elapsed = 00:00:25 . Memory (MB): peak = 1512.500 ; gain = 577.402
---------------------------------------------------------------------------------
---------------------------------------------------------------------------------
Start Loading Part and Timing Information
---------------------------------------------------------------------------------
Loading part: xc7z020clg400-1
---------------------------------------------------------------------------------
Finished Loading Part and Timing Information : Time (s): cpu = 00:00:23 ; elapsed = 00:00:25 . Memory (MB): peak = 1512.500 ; gain = 577.402
---------------------------------------------------------------------------------
---------------------------------------------------------------------------------
Start Applying 'set_property' XDC Constraints
---------------------------------------------------------------------------------
Applied set_property IO_BUFFER_TYPE = NONE for CLK_OUT_OUT_N. (constraint file  f:/dokumenty/fpga/pynq_test/pynq_test.gen/sources_1/ip/selectio_wiz_1/selectio_wiz_1/selectio_wiz_1_in_context.xdc, line 1).
Applied set_property CLOCK_BUFFER_TYPE = NONE for CLK_OUT_OUT_N. (constraint file  f:/dokumenty/fpga/pynq_test/pynq_test.gen/sources_1/ip/selectio_wiz_1/selectio_wiz_1/selectio_wiz_1_in_context.xdc, line 2).
Applied set_property IO_BUFFER_TYPE = NONE for COLOR_OUT_OUT_N[0]. (constraint file  f:/dokumenty/fpga/pynq_test/pynq_test.gen/sources_1/ip/selectio_wiz_1/selectio_wiz_1/selectio_wiz_1_in_context.xdc, line 3).
Applied set_property CLOCK_BUFFER_TYPE = NONE for COLOR_OUT_OUT_N[0]. (constraint file  f:/dokumenty/fpga/pynq_test/pynq_test.gen/sources_1/ip/selectio_wiz_1/selectio_wiz_1/selectio_wiz_1_in_context.xdc, line 4).
Applied set_property IO_BUFFER_TYPE = NONE for COLOR_OUT_OUT_N[1]. (constraint file  f:/dokumenty/fpga/pynq_test/pynq_test.gen/sources_1/ip/selectio_wiz_1/selectio_wiz_1/selectio_wiz_1_in_context.xdc, line 5).
Applied set_property CLOCK_BUFFER_TYPE = NONE for COLOR_OUT_OUT_N[1]. (constraint file  f:/dokumenty/fpga/pynq_test/pynq_test.gen/sources_1/ip/selectio_wiz_1/selectio_wiz_1/selectio_wiz_1_in_context.xdc, line 6).
Applied set_property IO_BUFFER_TYPE = NONE for COLOR_OUT_OUT_N[2]. (constraint file  f:/dokumenty/fpga/pynq_test/pynq_test.gen/sources_1/ip/selectio_wiz_1/selectio_wiz_1/selectio_wiz_1_in_context.xdc, line 7).
Applied set_property CLOCK_BUFFER_TYPE = NONE for COLOR_OUT_OUT_N[2]. (constraint file  f:/dokumenty/fpga/pynq_test/pynq_test.gen/sources_1/ip/selectio_wiz_1/selectio_wiz_1/selectio_wiz_1_in_context.xdc, line 8).
Applied set_property IO_BUFFER_TYPE = NONE for CLK_OUT_OUT_P. (constraint file  f:/dokumenty/fpga/pynq_test/pynq_test.gen/sources_1/ip/selectio_wiz_1/selectio_wiz_1/selectio_wiz_1_in_context.xdc, line 9).
Applied set_property CLOCK_BUFFER_TYPE = NONE for CLK_OUT_OUT_P. (constraint file  f:/dokumenty/fpga/pynq_test/pynq_test.gen/sources_1/ip/selectio_wiz_1/selectio_wiz_1/selectio_wiz_1_in_context.xdc, line 10).
Applied set_property IO_BUFFER_TYPE = NONE for COLOR_OUT_OUT_P[0]. (constraint file  f:/dokumenty/fpga/pynq_test/pynq_test.gen/sources_1/ip/selectio_wiz_1/selectio_wiz_1/selectio_wiz_1_in_context.xdc, line 11).
Applied set_property CLOCK_BUFFER_TYPE = NONE for COLOR_OUT_OUT_P[0]. (constraint file  f:/dokumenty/fpga/pynq_test/pynq_test.gen/sources_1/ip/selectio_wiz_1/selectio_wiz_1/selectio_wiz_1_in_context.xdc, line 12).
Applied set_property IO_BUFFER_TYPE = NONE for COLOR_OUT_OUT_P[1]. (constraint file  f:/dokumenty/fpga/pynq_test/pynq_test.gen/sources_1/ip/selectio_wiz_1/selectio_wiz_1/selectio_wiz_1_in_context.xdc, line 13).
Applied set_property CLOCK_BUFFER_TYPE = NONE for COLOR_OUT_OUT_P[1]. (constraint file  f:/dokumenty/fpga/pynq_test/pynq_test.gen/sources_1/ip/selectio_wiz_1/selectio_wiz_1/selectio_wiz_1_in_context.xdc, line 14).
Applied set_property IO_BUFFER_TYPE = NONE for COLOR_OUT_OUT_P[2]. (constraint file  f:/dokumenty/fpga/pynq_test/pynq_test.gen/sources_1/ip/selectio_wiz_1/selectio_wiz_1/selectio_wiz_1_in_context.xdc, line 15).
Applied set_property CLOCK_BUFFER_TYPE = NONE for COLOR_OUT_OUT_P[2]. (constraint file  f:/dokumenty/fpga/pynq_test/pynq_test.gen/sources_1/ip/selectio_wiz_1/selectio_wiz_1/selectio_wiz_1_in_context.xdc, line 16).
Applied set_property KEEP_HIERARCHY = SOFT for inst/instance_name. (constraint file  auto generated constraint).
---------------------------------------------------------------------------------
Finished applying 'set_property' XDC Constraints : Time (s): cpu = 00:00:23 ; elapsed = 00:00:25 . Memory (MB): peak = 1512.500 ; gain = 577.402
---------------------------------------------------------------------------------
---------------------------------------------------------------------------------
Finished RTL Optimization Phase 2 : Time (s): cpu = 00:00:23 ; elapsed = 00:00:25 . Memory (MB): peak = 1512.500 ; gain = 577.402
---------------------------------------------------------------------------------
---------------------------------------------------------------------------------
Start RTL Component Statistics 
---------------------------------------------------------------------------------
Detailed RTL Component Info : 
---------------------------------------------------------------------------------
Finished RTL Component Statistics 
---------------------------------------------------------------------------------
---------------------------------------------------------------------------------
Start Part Resource Summary
---------------------------------------------------------------------------------
Part Resources:
DSPs: 220 (col length:60)
BRAMs: 280 (col length: RAMB18 60 RAMB36 30)
---------------------------------------------------------------------------------
Finished Part Resource Summary
---------------------------------------------------------------------------------
---------------------------------------------------------------------------------
Start Cross Boundary and Area Optimization
---------------------------------------------------------------------------------
WARNING: [Synth 8-7080] Parallel synthesis criteria is not met
---------------------------------------------------------------------------------
Finished Cross Boundary and Area Optimization : Time (s): cpu = 00:00:26 ; elapsed = 00:00:28 . Memory (MB): peak = 1512.500 ; gain = 577.402
---------------------------------------------------------------------------------
---------------------------------------------------------------------------------
Start Applying XDC Timing Constraints
---------------------------------------------------------------------------------
---------------------------------------------------------------------------------
Finished Applying XDC Timing Constraints : Time (s): cpu = 00:00:35 ; elapsed = 00:00:37 . Memory (MB): peak = 1512.500 ; gain = 577.402
---------------------------------------------------------------------------------
---------------------------------------------------------------------------------
Start Timing Optimization
---------------------------------------------------------------------------------
---------------------------------------------------------------------------------
Finished Timing Optimization : Time (s): cpu = 00:00:35 ; elapsed = 00:00:37 . Memory (MB): peak = 1512.500 ; gain = 577.402
---------------------------------------------------------------------------------
---------------------------------------------------------------------------------
Start Technology Mapping
---------------------------------------------------------------------------------
---------------------------------------------------------------------------------
Finished Technology Mapping : Time (s): cpu = 00:00:35 ; elapsed = 00:00:37 . Memory (MB): peak = 1512.500 ; gain = 577.402
---------------------------------------------------------------------------------
---------------------------------------------------------------------------------
Start IO Insertion
---------------------------------------------------------------------------------
---------------------------------------------------------------------------------
Start Flattening Before IO Insertion
---------------------------------------------------------------------------------
---------------------------------------------------------------------------------
Finished Flattening Before IO Insertion
---------------------------------------------------------------------------------
---------------------------------------------------------------------------------
Start Final Netlist Cleanup
---------------------------------------------------------------------------------
---------------------------------------------------------------------------------
Finished Final Netlist Cleanup
---------------------------------------------------------------------------------
---------------------------------------------------------------------------------
Finished IO Insertion : Time (s): cpu = 00:00:42 ; elapsed = 00:00:44 . Memory (MB): peak = 1512.500 ; gain = 577.402
---------------------------------------------------------------------------------
---------------------------------------------------------------------------------
Start Renaming Generated Instances
---------------------------------------------------------------------------------
---------------------------------------------------------------------------------
Finished Renaming Generated Instances : Time (s): cpu = 00:00:42 ; elapsed = 00:00:44 . Memory (MB): peak = 1512.500 ; gain = 577.402
---------------------------------------------------------------------------------
---------------------------------------------------------------------------------
Start Rebuilding User Hierarchy
---------------------------------------------------------------------------------
---------------------------------------------------------------------------------
Finished Rebuilding User Hierarchy : Time (s): cpu = 00:00:42 ; elapsed = 00:00:44 . Memory (MB): peak = 1512.500 ; gain = 577.402
---------------------------------------------------------------------------------
---------------------------------------------------------------------------------
Start Renaming Generated Ports
---------------------------------------------------------------------------------
---------------------------------------------------------------------------------
Finished Renaming Generated Ports : Time (s): cpu = 00:00:42 ; elapsed = 00:00:44 . Memory (MB): peak = 1512.500 ; gain = 577.402
---------------------------------------------------------------------------------
---------------------------------------------------------------------------------
Start Handling Custom Attributes
---------------------------------------------------------------------------------
---------------------------------------------------------------------------------
Finished Handling Custom Attributes : Time (s): cpu = 00:00:42 ; elapsed = 00:00:44 . Memory (MB): peak = 1512.500 ; gain = 577.402
---------------------------------------------------------------------------------
---------------------------------------------------------------------------------
Start Renaming Generated Nets
---------------------------------------------------------------------------------
---------------------------------------------------------------------------------
Finished Renaming Generated Nets : Time (s): cpu = 00:00:42 ; elapsed = 00:00:44 . Memory (MB): peak = 1512.500 ; gain = 577.402
---------------------------------------------------------------------------------
---------------------------------------------------------------------------------
Start Writing Synthesis Report
---------------------------------------------------------------------------------

Report BlackBoxes: 
+------+---------------+----------+
|      |BlackBox name  |Instances |
+------+---------------+----------+
|1     |selectio_wiz_1 |         1|
+------+---------------+----------+

Report Cell Usage: 
+------+-------------+------+
|      |Cell         |Count |
+------+-------------+------+
|1     |selectio_wiz |     1|
+------+-------------+------+
---------------------------------------------------------------------------------
Finished Writing Synthesis Report : Time (s): cpu = 00:00:42 ; elapsed = 00:00:44 . Memory (MB): peak = 1512.500 ; gain = 577.402
---------------------------------------------------------------------------------
Synthesis finished with 0 errors, 0 critical warnings and 1 warnings.
Synthesis Optimization Runtime : Time (s): cpu = 00:00:27 ; elapsed = 00:00:42 . Memory (MB): peak = 1512.500 ; gain = 561.270
Synthesis Optimization Complete : Time (s): cpu = 00:00:42 ; elapsed = 00:00:45 . Memory (MB): peak = 1512.500 ; gain = 577.402
INFO: [Project 1-571] Translating synthesized netlist
Netlist sorting complete. Time (s): cpu = 00:00:00 ; elapsed = 00:00:00 . Memory (MB): peak = 1512.500 ; gain = 0.000
INFO: [Project 1-570] Preparing netlist for logic optimization
INFO: [Opt 31-138] Pushed 0 inverter(s) to 0 load pin(s).
Netlist sorting complete. Time (s): cpu = 00:00:00 ; elapsed = 00:00:00 . Memory (MB): peak = 1512.500 ; gain = 0.000
INFO: [Project 1-111] Unisim Transformation Summary:
No Unisim elements were transformed.

Synth Design complete | Checksum: c16ddf28
INFO: [Common 17-83] Releasing license: Synthesis
23 Infos, 1 Warnings, 0 Critical Warnings and 0 Errors encountered.
synth_design completed successfully
synth_design: Time (s): cpu = 00:00:51 ; elapsed = 00:00:53 . Memory (MB): peak = 1512.500 ; gain = 1003.602
INFO: [Coretcl 2-1174] Renamed 2 cell refs.
INFO: [Common 17-1381] The checkpoint 'F:/dokumenty/fpga/pynq_test/pynq_test.runs/MainDesign_HDMI_OUT_0_0_synth_1/MainDesign_HDMI_OUT_0_0.dcp' has been generated.
INFO: [Vivado 12-24828] Executing command : report_utilization -file MainDesign_HDMI_OUT_0_0_utilization_synth.rpt -pb MainDesign_HDMI_OUT_0_0_utilization_synth.pb
INFO: [Common 17-206] Exiting Vivado at Wed Jul 31 19:41:08 2024...
